{
  "0 debug pnpm:scope": {
    "selected": 1
  },
  "1 error pnpm": {
    "errno": 1,
    "code": "ELIFECYCLE",
    "pkgid": "spiral117_voicelog@",
    "stage": "dev",
    "script": "next dev",
    "pkgname": "spiral117_voicelog",
    "err": {
      "name": "pnpm",
      "message": "spiral117_voicelog@ dev: `next dev`\nExit status 1",
      "code": "ELIFECYCLE",
      "stack": "pnpm: spiral117_voicelog@ dev: `next dev`\nExit status 1\n    at EventEmitter.<anonymous> (C:\\Users\\Himanshu\\AppData\\Roaming\\npm\\pnpm-global\\5\\node_modules\\.pnpm\\pnpm@7.0.0\\node_modules\\pnpm\\dist\\pnpm.cjs:106732:20)\n    at EventEmitter.emit (node:events:527:28)\n    at ChildProcess.<anonymous> (C:\\Users\\Himanshu\\AppData\\Roaming\\npm\\pnpm-global\\5\\node_modules\\.pnpm\\pnpm@7.0.0\\node_modules\\pnpm\\dist\\pnpm.cjs:93301:18)\n    at ChildProcess.emit (node:events:527:28)\n    at maybeClose (node:internal/child_process:1092:16)\n    at Process.ChildProcess._handle.onexit (node:internal/child_process:302:5)"
    }
  },
  "2 warn pnpm:global": " Local package.json exists, but node_modules missing, did you mean to install?"
}